<?xml version="1.0" encoding="UTF-8"?>
<!-- Generated by org.testng.reporters.JUnitReportReporter -->
<testsuite hostname="DESKTOP-DRMO985" failures="0" tests="1" name="TestRunner.CucumberTestRunnerForTags" time="0.053" errors="0" timestamp="2024-08-15T10:25:15 IST" skipped="0">
  <testcase classname="TestRunner.CucumberTestRunnerForTags" name="runScenario" time="0.053"/>
</testsuite> <!-- TestRunner.CucumberTestRunnerForTags -->
