<?xml version="1.0" encoding="UTF-8"?>
<!-- Generated by org.testng.reporters.JUnitReportReporter -->
<testsuite hostname="DESKTOP-DRMO985" failures="0" tests="1" name="TestRunner.CucumberTestRunner" time="2.567" errors="0" timestamp="2024-08-15T09:50:51 IST" skipped="0">
  <testcase classname="TestRunner.CucumberTestRunner" name="runScenario" time="2.567"/>
</testsuite> <!-- TestRunner.CucumberTestRunner -->
